  UnitTest1.cpp
     Создается библиотека C:\Users\FurryFob\Desktop\АП\Лаби9\Лаб9.1\Lab09_1\x64\Debug\UnitTest1.lib и объект C:\Users\FurryFob\Desktop\АП\Лаби9\Лаб9.1\Lab09_1\x64\Debug\UnitTest1.exp
UnitTest1.obj : error LNK2019: ссылка на неразрешенный внешний символ "void __cdecl nsSum::sum(void)" (?sum@nsSum@@YAXXZ) в функции "public: void __cdecl UnitTest1::UnitTest1::TestMethod1(void)" (?TestMethod1@UnitTest1@1@QEAAXXZ).
C:\Users\FurryFob\Desktop\АП\Лаби9\Лаб9.1\Lab09_1\x64\Debug\UnitTest1.dll : fatal error LNK1120: неразрешенных внешних элементов: 1
